C:\USERS\MIHAI_000\DOCUMENTS\VISUAL STUDIO 2012\PROJECTS\SAH_PA1.2\SAH_PA\DEBUG\BISHOP.OBJ
C:\USERS\MIHAI_000\DOCUMENTS\VISUAL STUDIO 2012\PROJECTS\SAH_PA1.2\SAH_PA\DEBUG\GENERATEBITBOARD.OBJ
C:\USERS\MIHAI_000\DOCUMENTS\VISUAL STUDIO 2012\PROJECTS\SAH_PA1.2\SAH_PA\DEBUG\BOARD.OBJ
C:\USERS\MIHAI_000\DOCUMENTS\VISUAL STUDIO 2012\PROJECTS\SAH_PA1.2\SAH_PA\DEBUG\ENGINE.OBJ
C:\USERS\MIHAI_000\DOCUMENTS\VISUAL STUDIO 2012\PROJECTS\SAH_PA1.2\SAH_PA\DEBUG\KING.OBJ
C:\USERS\MIHAI_000\DOCUMENTS\VISUAL STUDIO 2012\PROJECTS\SAH_PA1.2\SAH_PA\DEBUG\KNIGHT.OBJ
C:\USERS\MIHAI_000\DOCUMENTS\VISUAL STUDIO 2012\PROJECTS\SAH_PA1.2\SAH_PA\DEBUG\PAWN.OBJ
C:\USERS\MIHAI_000\DOCUMENTS\VISUAL STUDIO 2012\PROJECTS\SAH_PA1.2\SAH_PA\DEBUG\PIECE.OBJ
C:\USERS\MIHAI_000\DOCUMENTS\VISUAL STUDIO 2012\PROJECTS\SAH_PA1.2\SAH_PA\DEBUG\QUEEN.OBJ
C:\USERS\MIHAI_000\DOCUMENTS\VISUAL STUDIO 2012\PROJECTS\SAH_PA1.2\SAH_PA\DEBUG\ROOK.OBJ
C:\USERS\MIHAI_000\DOCUMENTS\VISUAL STUDIO 2012\PROJECTS\SAH_PA1.2\SAH_PA\DEBUG\SAH_PA.OBJ
C:\USERS\MIHAI_000\DOCUMENTS\VISUAL STUDIO 2012\PROJECTS\SAH_PA1.2\SAH_PA\DEBUG\STDAFX.OBJ
C:\USERS\MIHAI_000\DOCUMENTS\VISUAL STUDIO 2012\PROJECTS\SAH_PA1.2\SAH_PA\DEBUG\VC110.PDB
C:\USERS\MIHAI_000\DOCUMENTS\VISUAL STUDIO 2012\PROJECTS\SAH_PA1.2\DEBUG\SAH_PA.ILK
C:\USERS\MIHAI_000\DOCUMENTS\VISUAL STUDIO 2012\PROJECTS\SAH_PA1.2\DEBUG\SAH_PA.EXE
C:\USERS\MIHAI_000\DOCUMENTS\VISUAL STUDIO 2012\PROJECTS\SAH_PA1.2\DEBUG\SAH_PA.PDB
C:\Users\mihai_000\Documents\Visual Studio 2012\Projects\SAH_PA1.2\SAH_PA\Debug\Bishop.obj
C:\Users\mihai_000\Documents\Visual Studio 2012\Projects\SAH_PA1.2\SAH_PA\Debug\Board.obj
C:\Users\mihai_000\Documents\Visual Studio 2012\Projects\SAH_PA1.2\SAH_PA\Debug\Engine.obj
C:\Users\mihai_000\Documents\Visual Studio 2012\Projects\SAH_PA1.2\SAH_PA\Debug\generateBitboard.obj
C:\Users\mihai_000\Documents\Visual Studio 2012\Projects\SAH_PA1.2\SAH_PA\Debug\King.obj
C:\Users\mihai_000\Documents\Visual Studio 2012\Projects\SAH_PA1.2\SAH_PA\Debug\Knight.obj
C:\Users\mihai_000\Documents\Visual Studio 2012\Projects\SAH_PA1.2\SAH_PA\Debug\Pawn.obj
C:\Users\mihai_000\Documents\Visual Studio 2012\Projects\SAH_PA1.2\SAH_PA\Debug\Piece.obj
C:\Users\mihai_000\Documents\Visual Studio 2012\Projects\SAH_PA1.2\SAH_PA\Debug\Queen.obj
C:\Users\mihai_000\Documents\Visual Studio 2012\Projects\SAH_PA1.2\SAH_PA\Debug\Rook.obj
C:\Users\mihai_000\Documents\Visual Studio 2012\Projects\SAH_PA1.2\SAH_PA\Debug\SAH_PA.obj
C:\Users\mihai_000\Documents\Visual Studio 2012\Projects\SAH_PA1.2\SAH_PA\Debug\stdafx.obj
C:\Users\mihai_000\Documents\Visual Studio 2012\Projects\SAH_PA1.2\SAH_PA\Debug\cl.command.1.tlog
C:\Users\mihai_000\Documents\Visual Studio 2012\Projects\SAH_PA1.2\SAH_PA\Debug\CL.read.1.tlog
C:\Users\mihai_000\Documents\Visual Studio 2012\Projects\SAH_PA1.2\SAH_PA\Debug\CL.write.1.tlog
C:\Users\mihai_000\Documents\Visual Studio 2012\Projects\SAH_PA1.2\SAH_PA\Debug\link-cvtres.read.1.tlog
C:\Users\mihai_000\Documents\Visual Studio 2012\Projects\SAH_PA1.2\SAH_PA\Debug\link-cvtres.write.1.tlog
C:\Users\mihai_000\Documents\Visual Studio 2012\Projects\SAH_PA1.2\SAH_PA\Debug\link-rc.read.1.tlog
C:\Users\mihai_000\Documents\Visual Studio 2012\Projects\SAH_PA1.2\SAH_PA\Debug\link-rc.write.1.tlog
C:\Users\mihai_000\Documents\Visual Studio 2012\Projects\SAH_PA1.2\SAH_PA\Debug\link.command.1.tlog
C:\Users\mihai_000\Documents\Visual Studio 2012\Projects\SAH_PA1.2\SAH_PA\Debug\link.read.1.tlog
C:\Users\mihai_000\Documents\Visual Studio 2012\Projects\SAH_PA1.2\SAH_PA\Debug\link.write.1.tlog
C:\Users\mihai_000\Documents\Visual Studio 2012\Projects\SAH_PA1.2\SAH_PA\Debug\vc110.idb
C:\Users\mihai_000\Documents\Visual Studio 2012\Projects\SAH_PA1.2\SAH_PA\Debug\vc110.pdb
C:\Users\mihai_000\Documents\Visual Studio 2012\Projects\SAH_PA1.2\Debug\SAH_PA.pdb
C:\Users\mihai_000\Documents\Visual Studio 2012\Projects\SAH_PA1.2\Debug\SAH_PA.exe
C:\Users\mihai_000\Documents\Visual Studio 2012\Projects\SAH_PA1.2\Debug\SAH_PA.ilk
